<?xml version="1.0" encoding="UTF-8"?>
<testng-results skipped="0" failed="0" ignored="0" total="1" passed="1">
  <reporter-output>
  </reporter-output>
  <suite name="Suite" duration-ms="7884" started-at="2018-07-25T16:56:26Z" finished-at="2018-07-25T16:56:33Z">
    <groups>
    </groups>
    <test name="Test_001" duration-ms="7884" started-at="2018-07-25T16:56:26Z" finished-at="2018-07-25T16:56:33Z">
      <class name="testCases.DemoTestScript">
        <test-method status="PASS" signature="beforeMethod()[pri:0, instance:testCases.DemoTestScript@79698539]" name="beforeMethod" is-config="true" duration-ms="4606" started-at="2018-07-25T22:26:26Z" finished-at="2018-07-25T22:26:30Z">
          <reporter-output>
          </reporter-output>
        </test-method> <!-- beforeMethod -->
        <test-method status="PASS" signature="Test_001()[pri:0, instance:testCases.DemoTestScript@79698539]" name="Test_001" duration-ms="3050" started-at="2018-07-25T22:26:30Z" finished-at="2018-07-25T22:26:33Z">
          <reporter-output>
          </reporter-output>
        </test-method> <!-- Test_001 -->
        <test-method status="PASS" signature="afterMethod()[pri:0, instance:testCases.DemoTestScript@79698539]" name="afterMethod" is-config="true" duration-ms="197" started-at="2018-07-25T22:26:33Z" finished-at="2018-07-25T22:26:33Z">
          <reporter-output>
          </reporter-output>
        </test-method> <!-- afterMethod -->
      </class> <!-- testCases.DemoTestScript -->
    </test> <!-- Test_001 -->
  </suite> <!-- Suite -->
</testng-results>
